<?xml version="1.0" encoding="UTF-8"?>
<!-- Generated by org.testng.reporters.JUnitXMLReporter -->
<testsuite ignored="0" hostname="LAPTOP-OOJD2GM0" failures="0" tests="4" name="Default test" time="8.179" errors="0" timestamp="23 Oct 2023 09:12:52 GMT">
  <testcase classname="com.allapis.HttpRequests" name="getUser" time="5.195"/>
  <testcase classname="com.allapis.HttpRequests" name="createUser" time="1.199"/>
  <testcase classname="com.allapis.HttpRequests" name="updateUser" time="1.107"/>
  <testcase classname="com.allapis.HttpRequests" name="deleteUser" time="0.537"/>
</testsuite> <!-- Default test -->
