<?xml version="1.0" encoding="UTF-8"?>
<testng-results ignored="0" total="1" passed="1" failed="0" skipped="0">
  <reporter-output>
  </reporter-output>
  <suite started-at="2023-06-22T11:47:58Z" name="Default suite" finished-at="2023-06-22T11:48:05Z" duration-ms="6361">
    <groups>
    </groups>
    <test started-at="2023-06-22T11:47:58Z" name="Default test" finished-at="2023-06-22T11:48:05Z" duration-ms="6361">
      <class name="com.allapis.Day4validations">
        <test-method signature="responce()[pri:0, instance:com.allapis.Day4validations@6d07a63d]" started-at="2023-06-22T11:47:59Z" name="responce" finished-at="2023-06-22T11:48:05Z" duration-ms="6245" status="PASS">
          <reporter-output>
          </reporter-output>
        </test-method> <!-- responce -->
      </class> <!-- com.allapis.Day4validations -->
    </test> <!-- Default test -->
  </suite> <!-- Default suite -->
</testng-results>
